<?xml version="1.0" encoding="UTF-8"?>
<!-- Generated by org.testng.reporters.JUnitReportReporter -->
<testsuite skipped="0" hostname="DESKTOP-331N4BR" name="run.Runner" tests="1" failures="0" timestamp="2021-12-10T14:52:37 ART" time="2.918" errors="0">
  <testcase name="openBrowser" time="2.918" classname="run.Runner"/>
  <system-out/>
</testsuite> <!-- run.Runner -->
