<?xml version="1.0" encoding="UTF-8"?>
<!-- Generated by org.testng.reporters.JUnitReportReporter -->
<testsuite skipped="0" hostname="DESKTOP-331N4BR" name="money_value.ValueFinder" tests="9" failures="0" timestamp="2021-12-10T18:48:04 ART" time="37.390" errors="0">
  <testcase name="retrieveBankAndCoin" time="1.135" classname="money_value.ValueFinder"/>
  <system-out/>
  <testcase name="retrieveCoin" time="15.777" classname="money_value.ValueFinder"/>
  <system-out/>
  <testcase name="retrieveBank" time="6.211" classname="money_value.ValueFinder"/>
  <system-out/>
  <testcase name="retrieveBankAndCoin" time="1.014" classname="money_value.ValueFinder"/>
  <system-out/>
  <testcase name="retrieveBank" time="1.139" classname="money_value.ValueFinder"/>
  <system-out/>
  <testcase name="retrieveBankAndCoin" time="1.004" classname="money_value.ValueFinder"/>
  <system-out/>
  <testcase name="retrieveCoin" time="6.768" classname="money_value.ValueFinder"/>
  <system-out/>
  <testcase name="retrieveBank" time="1.098" classname="money_value.ValueFinder"/>
  <system-out/>
  <testcase name="retrieveCoin" time="3.244" classname="money_value.ValueFinder"/>
  <system-out/>
</testsuite> <!-- money_value.ValueFinder -->
