<?xml version="1.0" encoding="UTF-8"?>
<!-- Generated by org.testng.reporters.JUnitReportReporter -->
<testsuite skipped="0" hostname="DESKTOP-331N4BR" name="money_value.ValueFinder" tests="5" failures="0" timestamp="2021-12-10T16:57:26 ART" time="6.481" errors="0">
  <testcase name="retrieveBankAndCoin" time="1.081" classname="money_value.ValueFinder"/>
  <system-out/>
  <testcase name="retrieveBankAndCoin" time="0.001" classname="money_value.ValueFinder"/>
  <system-out/>
  <testcase name="retrieveBankAndCoin" time="0.001" classname="money_value.ValueFinder"/>
  <system-out/>
  <testcase name="retrieveBankAndCoin" time="1.032" classname="money_value.ValueFinder"/>
  <system-out/>
  <testcase name="retrieveBankAndCoin" time="4.366" classname="money_value.ValueFinder"/>
  <system-out/>
</testsuite> <!-- money_value.ValueFinder -->
